Mudando para o wallpaper do dia 116: /home/debian/Imagens/Wallpapers/a_room_with_a_wooden_cabinet_and_a_picture_frame.jpg
Mudando para o wallpaper do dia 116: /home/debian/Imagens/Wallpapers/a_room_with_a_wooden_cabinet_and_a_picture_frame.jpg
Mudando para o wallpaper do dia 116: /home/debian/Imagens/Wallpapers/a_room_with_a_wooden_cabinet_and_a_picture_frame.jpg
Mudando para o wallpaper do dia 116: /home/debian/Imagens/Wallpapers/a_room_with_a_wooden_cabinet_and_a_picture_frame.jpg
Mudando para o wallpaper do dia 116: /home/debian/Imagens/Wallpapers/a_room_with_a_wooden_cabinet_and_a_picture_frame.jpg
Mudando para o wallpaper do dia 116: /home/debian/Imagens/Wallpapers/a_room_with_a_wooden_cabinet_and_a_picture_frame.jpg
Mudando para o wallpaper do dia 116: /home/debian/Imagens/Wallpapers/a_room_with_a_wooden_cabinet_and_a_picture_frame.jpg
Mudando para o wallpaper do dia 116: /home/debian/Imagens/Wallpapers/a_room_with_a_wooden_cabinet_and_a_picture_frame.jpg
Mudando para o wallpaper do dia 116: /home/debian/Imagens/Wallpapers/a_room_with_a_wooden_cabinet_and_a_picture_frame.jpg
Mudando para o wallpaper do dia 119: /home/debian/Imagens/Wallpapers/a_large_canyon_with_a_sunset_with_Badlands_National_Park_in_the_background.jpg
Mudando para o wallpaper do dia 121: /home/debian/Imagens/Wallpapers/a_blue_mountains_with_a_blue_sky.jpg
Mudando para o wallpaper do dia 130: /home/debian/Imagens/Wallpapers/ign_unsplash7.png
Mudando para o wallpaper do dia 130: /home/debian/Imagens/Wallpapers/ign_unsplash7.png
Mudando para o wallpaper do dia 130: /home/debian/Imagens/Wallpapers/ign_unsplash7.png
Mudando para o wallpaper do dia 130: /home/debian/Imagens/Wallpapers/ign_unsplash7.png
Mudando para o wallpaper do dia 130: /home/debian/Imagens/bestsWallpapers/ign_beyondHillAndDale.jpg
Mudando para o wallpaper do dia 130: /home/debian/Imagens/bestsWallpapers/ign_beyondHillAndDale.jpg
Mudando para o wallpaper do dia 130: /home/debian/Imagens/bestsWallpapers/ign_beyondHillAndDale.jpg
Mudando para o wallpaper do dia 130: /home/debian/Imagens/bestsWallpapers/ign_beyondHillAndDale.jpg
Mudando para o wallpaper do dia 131: /home/debian/Imagens/bestsWallpapers/wallpepaer1233.png
Mudando para o wallpaper do dia 131: /home/debian/Imagens/bestsWallpapers/wallpepaer1233.png
Mudando para o wallpaper do dia 131: /home/debian/Imagens/bestsWallpapers/wallpepaer1233.png
Mudando para o wallpaper do dia 131: /home/debian/Imagens/bestsWallpapers/wallpepaer1233.png
Mudando para o wallpaper do dia 131: /home/debian/Imagens/bestsWallpapers/wallpepaer1233.png
Mudando para o wallpaper do dia 131: /home/debian/Imagens/bestsWallpapers/wallpaperflare.com_wallpaper.jpg
Mudando para o wallpaper do dia 131: /home/debian/Imagens/bestsWallpapers/wallpaperflare.com_wallpaper.jpg
Mudando para o wallpaper do dia 131: /home/debian/Imagens/bestsWallpapers/wallpaperflare.com_wallpaper.jpg
Mudando para o wallpaper do dia 131: /home/debian/Imagens/bestsWallpapers/wallpaperflare.com_wallpaper.jpg
Mudando para o wallpaper do dia 131: /home/debian/Imagens/bestsWallpapers/wallpaperflare.com_wallpaper.jpg
Mudando para o wallpaper do dia 131: /home/debian/Imagens/bestsWallpapers/wallpaperflare.com_wallpaper.jpg
Mudando para o wallpaper do dia 131: /home/debian/Imagens/bestsWallpapers/wallpaperflare.com_wallpaper.jpg
Mudando para o wallpaper do dia 131: /home/debian/Imagens/bestsWallpapers/wallpaperflare.com_wallpaper.jpg
Mudando para o wallpaper do dia 132: /home/debian/Imagens/bestsWallpapers/ign_beyondHillAndDale.jpg
Mudando para o wallpaper do dia 132: /home/debian/Imagens/bestsWallpapers/ign_beyondHillAndDale.jpg
Mudando para o wallpaper do dia 132: /home/debian/Imagens/bestsWallpapers/ign_beyondHillAndDale.jpg
Mudando para o wallpaper do dia 132: /home/debian/Imagens/bestsWallpapers/ign_beyondHillAndDale.jpg
Mudando para o wallpaper do dia 132: /home/debian/Imagens/bestsWallpapers/ign_beyondHillAndDale.jpg
Mudando para o wallpaper do dia 132: /home/debian/Imagens/bestsWallpapers/ign_beyondHillAndDale.jpg
Mudando para o wallpaper do dia 133: /home/debian/Imagens/bestsWallpapers/wallpepaer1233.png
Mudando para o wallpaper do dia 133: /home/debian/Imagens/bestsWallpapers/wallpepaer1233.png
Mudando para o wallpaper do dia 133: /home/debian/Imagens/bestsWallpapers/wallpepaer1233.png
Mudando para o wallpaper do dia 133: /home/debian/Imagens/bestsWallpapers/wallpepaer1233.png
Mudando para o wallpaper do dia 133: /home/debian/Imagens/bestsWallpapers/wallpepaer1233.png
Mudando para o wallpaper do dia 133: /home/debian/Imagens/bestsWallpapers/wallpepaer1233.png
Mudando para o wallpaper do dia 133: /home/debian/Imagens/bestsWallpapers/wallpepaer1233.png
Mudando para o wallpaper do dia 133: /home/debian/Imagens/bestsWallpapers/wallpaperflare.com_wallpaper.jpg
Mudando para o wallpaper do dia 133: /home/debian/Imagens/bestsWallpapers/wallpaperflare.com_wallpaper.jpg
Mudando para o wallpaper do dia 133: /home/debian/Imagens/bestsWallpapers/wallpaperflare.com_wallpaper.jpg
Nenhuma imagem válida encontrada em /home/debian/Imagens/wallpapers
Mudando para o wallpaper do dia 133: /home/debian/Imagens/Wallpapers/9dwtei1vn1ve1.png
Mudando para o wallpaper do dia 133: /home/debian/Imagens/Wallpapers/9dwtei1vn1ve1.png
Mudando para o wallpaper do dia 133: /home/debian/Imagens/Wallpapers/9dwtei1vn1ve1.png
Mudando para o wallpaper do dia 133: /home/debian/Imagens/bestsWallpapers/wallpaperflare.com_wallpaper.jpg
Mudando para o wallpaper do dia 134: /home/debian/Imagens/bestsWallpapers/ign_beyondHillAndDale.jpg
Mudando para o wallpaper do dia 134: /home/debian/Imagens/bestsWallpapers/ign_beyondHillAndDale.jpg
Mudando para o wallpaper do dia 134: /home/debian/Imagens/bestsWallpapers/ign_beyondHillAndDale.jpg
Mudando para o wallpaper do dia 134: /home/debian/Imagens/bestsWallpapers/ign_beyondHillAndDale.jpg
Mudando para o wallpaper do dia 135: /home/debian/Imagens/bestsWallpapers/wallpepaer1233.png
Mudando para o wallpaper do dia 135: /home/debian/Imagens/bestsWallpapers/wallpepaer1233.png
Mudando para o wallpaper do dia 135: /home/debian/Imagens/bestsWallpapers/wallpepaer1233.png
Mudando para o wallpaper do dia 135: /home/debian/Imagens/bestsWallpapers/wallpepaer1233.png
Mudando para o wallpaper do dia 136: /home/debian/Imagens/bestsWallpapers/wallpepaer123.png
Mudando para o wallpaper do dia 137: /home/debian/Imagens/bestsWallpapers/a_group_of_birds_flying_in_the_sky.jpg
Mudando para o wallpaper do dia 137: /home/debian/Imagens/bestsWallpapers/a_group_of_birds_flying_in_the_sky.jpg
Mudando para o wallpaper do dia 137: /home/debian/Imagens/bestsWallpapers/a_group_of_birds_flying_in_the_sky.jpg
Mudando para o wallpaper do dia 137: /home/debian/Imagens/topdotop/a_mountain_range_with_snow_on_top.jpg
Mudando para o wallpaper do dia 137: /home/debian/Imagens/topdotop/a_mountain_range_with_snow_on_top.jpg
Mudando para o wallpaper do dia 138: /home/debian/Imagens/topdotop/a_mountain_range_with_trees_and_a_valley.jpg
Mudando para o wallpaper do dia 138: /home/debian/Imagens/topdotop/a_mountain_range_with_trees_and_a_valley.jpg
Mudando para o wallpaper do dia 138: /home/debian/Imagens/topdotop/a_mountain_range_with_trees_and_a_valley.jpg
Mudando para o wallpaper do dia 138: /home/debian/Imagens/topdotop/a_mountain_range_with_trees_and_a_valley.jpg
Mudando para o wallpaper do dia 138: /home/debian/Imagens/topdotop/a_mountain_range_with_trees_and_a_valley.jpg
Mudando para o wallpaper do dia 139: /home/debian/Imagens/topdotop/shaded_landscape.png
Mudando para o wallpaper do dia 140: /home/debian/Imagens/topdotop/a_plant_in_a_pot.jpg
Mudando para o wallpaper do dia 140: /home/debian/Imagens/topdotop/a_plant_in_a_pot.jpg
Mudando para o wallpaper do dia 141: /home/debian/Imagens/topdotop/forrest.png
Mudando para o wallpaper do dia 142: /home/debian/Imagens/topdotop/a_cartoon_of_a_castle.png
Mudando para o wallpaper do dia 142: /home/debian/Imagens/topdotop/a_cartoon_of_a_castle.png
Mudando para o wallpaper do dia 143: /home/debian/Imagens/topdotop/a_plant_in_front_of_a_window.png
Mudando para o wallpaper do dia 143: /home/debian/Imagens/topdotop/a_statue_of_a_woman_with_wings_and_a_plant.png
Mudando para o wallpaper do dia 144: /home/debian/Imagens/topdotop/a_painting_of_a_building_in_the_desert.png
Mudando para o wallpaper do dia 144: /home/debian/Imagens/topdotop/a_painting_of_a_building_in_the_desert.png
Mudando para o wallpaper do dia 144: /home/debian/Imagens/topdotop/a_painting_of_a_building_in_the_desert.png
Mudando para o wallpaper do dia 144: /home/debian/Imagens/topdotop/a_painting_of_a_building_in_the_desert.png
Mudando para o wallpaper do dia 144: /home/debian/Imagens/topdotop/a_group_of_trees_on_a_small_island_in_front_of_a_colorful_sky.png
Mudando para o wallpaper do dia 145: /home/debian/Imagens/topdotop/a_moon_over_a_spaceship.png
Mudando para o wallpaper do dia 145: /home/debian/Imagens/topdotop/a_moon_over_a_spaceship.png
Mudando para o wallpaper do dia 146: /home/debian/Imagens/topdotop/a_black_and_white_building_with_a_fire_escape.jpg
Mudando para o wallpaper do dia 147: /home/debian/Imagens/topdotop/a_group_of_trees_in_a_snowy_field.jpg
Mudando para o wallpaper do dia 148: /home/debian/Imagens/topdotop/a_lighthouse_on_a_dock_in_the_water.jpg
Mudando para o wallpaper do dia 149: /home/debian/Imagens/topdotop/a_small_potted_plant_on_a_wood_surface.jpg
Mudando para o wallpaper do dia 150: /home/debian/Imagens/topdotop/a_painting_of_a_building_in_a_dark_landscape.png
Mudando para o wallpaper do dia 151: /home/debian/Imagens/topdotop/salty_mountains.png
Mudando para o wallpaper do dia 151: /home/debian/Imagens/topdotop/salty_mountains.png
Mudando para o wallpaper do dia 152: /home/debian/Imagens/topdotop/a_tree_in_a_body_of_water_with_mountains_in_the_background.jpg
Mudando para o wallpaper do dia 152: /home/debian/Imagens/topdotop/a_tree_in_a_body_of_water_with_mountains_in_the_background.jpg
Mudando para o wallpaper do dia 152: /home/debian/Imagens/topdotop/a_tree_in_a_body_of_water_with_mountains_in_the_background.jpg
Mudando para o wallpaper do dia 152: /home/debian/Imagens/topdotop/a_tree_in_a_body_of_water_with_mountains_in_the_background.jpg
Mudando para o wallpaper do dia 152: /home/debian/Imagens/topdotop/a_tree_in_a_body_of_water_with_mountains_in_the_background.jpg
Mudando para o wallpaper do dia 152: /home/debian/Imagens/topdotop/a_tree_in_a_body_of_water_with_mountains_in_the_background.jpg
Mudando para o wallpaper do dia 152: /home/debian/Imagens/topdotop/a_tree_in_a_body_of_water_with_mountains_in_the_background.jpg
Mudando para o wallpaper do dia 153: /home/debian/Imagens/topdotop/a_tower_in_a_forest.png
Mudando para o wallpaper do dia 154: /home/debian/Imagens/topdotop/rocks_in_the_water.jpg
Mudando para o wallpaper do dia 155: /home/debian/Imagens/topdotop/a_mountain_range_with_snow_on_top_01.jpg
Mudando para o wallpaper do dia 156: /home/debian/Imagens/topdotop/a_potted_plant_on_a_blue_surface.jpg
Mudando para o wallpaper do dia 156: /home/debian/Imagens/topdotop/a_potted_plant_on_a_blue_surface.jpg
Mudando para o wallpaper do dia 157: /home/debian/Imagens/topdotop/a_mountain_with_trees_and_moon.jpg
Mudando para o wallpaper do dia 157: /home/debian/Imagens/topdotop/a_mountain_with_trees_and_moon.jpg
Mudando para o wallpaper do dia 157: /home/debian/Imagens/topdotop/a_mountain_with_trees_and_moon.jpg
Mudando para o wallpaper do dia 158: /home/debian/Imagens/topdotop/a_painting_of_a_building_with_smoke_coming_out_of_it.png
Mudando para o wallpaper do dia 159: /home/debian/Imagens/topdotop/wallpaperflare.com_wallpaperr.jpg
Mudando para o wallpaper do dia 160: /home/debian/Imagens/topdotop/wallhaven-o5k7kl.jpg
Mudando para o wallpaper do dia 161: /home/debian/Imagens/topdotop/a_lake_with_snow_covered_mountains_in_the_background.jpg
Mudando para o wallpaper do dia 161: /home/debian/Imagens/topdotop/a_lake_with_snow_covered_mountains_in_the_background.jpg
Mudando para o wallpaper do dia 162: /home/debian/Imagens/topdotop/a_purple_pyramid_in_the_desert.jpg
Mudando para o wallpaper do dia 163: /home/debian/Imagens/topdotop/a_group_of_potted_plants.jpg
Mudando para o wallpaper do dia 164: /home/debian/Imagens/topdotop/a_green_plant_in_a_pot.jpg
Mudando para o wallpaper do dia 165: /home/debian/Imagens/topdotop/cat_firewatch-purple-90B13.png
Mudando para o wallpaper do dia 165: /home/debian/Imagens/topdotop/cat_firewatch-purple-90B13.png
Mudando para o wallpaper do dia 166: /home/debian/Imagens/topdotop/cat_firewatch-purple-90B13ww.png
Mudando para o wallpaper do dia 167: /home/debian/Imagens/topdotop/a_pyramids_with_palm_trees.png
Mudando para o wallpaper do dia 168: /home/debian/Imagens/topdotop/dominik-mayer-17.jpg
Mudando para o wallpaper do dia 168: /home/debian/Imagens/topdotop/dominik-mayer-17.jpg
Mudando para o wallpaper do dia 169: /home/debian/Imagens/topdotop/a_green_mountains_with_pink_and_blue_sky.jpg
Mudando para o wallpaper do dia 170: /home/debian/Imagens/topdotop/a_black_liquid_floating_in_the_air.jpg
Mudando para o wallpaper do dia 170: /home/debian/Imagens/topdotop/dominik-mayer-17.jpg
Mudando para o wallpaper do dia 170: /home/debian/Imagens/topdotop/dominik-mayer-17.jpg
Mudando para o wallpaper do dia 170: /home/debian/Imagens/topdotop/dominik-mayer-17.jpg
Mudando para o wallpaper do dia 171: /home/debian/Imagens/topdotop/apocalispse.jpg
Mudando para o wallpaper do dia 171: /home/debian/Imagens/topdotop/apocalispse.jpg
Mudando para o wallpaper do dia 171: /home/debian/Imagens/topdotop/apocalispse.jpg
Mudando para o wallpaper do dia 172: /home/debian/Imagens/topdotop/a_green_mountains_with_pink_and_blue_sky.jpg
Mudando para o wallpaper do dia 173: /home/debian/Imagens/topdotop/a_black_liquid_floating_in_the_air.jpg
Mudando para o wallpaper do dia 174: /home/debian/Imagens/topdotop/a_skeleton_with_a_skull_and_arms.jpg
Mudando para o wallpaper do dia 174: /home/debian/Imagens/topdotop/a_skeleton_with_a_skull_and_arms.jpg
Mudando para o wallpaper do dia 175: /home/debian/Imagens/topdotop/a_large_body_of_water_with_clouds_in_the_sky.jpg
Mudando para o wallpaper do dia 175: /home/debian/Imagens/topdotop/a_large_body_of_water_with_clouds_in_the_sky.jpg
Mudando para o wallpaper do dia 175: /home/debian/Imagens/topdotop/a_large_body_of_water_with_clouds_in_the_sky.jpg
Mudando para o wallpaper do dia 175: /home/debian/Imagens/topdotop/a_large_body_of_water_with_clouds_in_the_sky.jpg
Mudando para o wallpaper do dia 176: /home/debian/Imagens/topdotop/a_group_of_palm_trees.jpg
Mudando para o wallpaper do dia 177: /home/debian/Imagens/topdotop/ck67dmp1ifw31-3092B.jpg
Mudando para o wallpaper do dia 178: /home/debian/Imagens/topdotop/a_mountain_with_snow_and_astetic.jpg
Mudando para o wallpaper do dia 179: /home/debian/Imagens/topdotop/a_black_liquid_floating_in_the_air.jpg
Mudando para o wallpaper do dia 180: /home/debian/Imagens/topdotop/a_skeleton_with_a_skull_and_arms.jpg
Mudando para o wallpaper do dia 181: /home/debian/Imagens/topdotop/a_large_body_of_water_with_clouds_in_the_sky.jpg
Mudando para o wallpaper do dia 181: /home/debian/Imagens/topdotop/a_large_body_of_water_with_clouds_in_the_sky.jpg
Mudando para o wallpaper do dia 182: /home/debian/Imagens/topdotop/a_group_of_palm_trees.jpg
