Mudando para o wallpaper do dia 116: /home/debian/Imagens/Wallpapers/a_room_with_a_wooden_cabinet_and_a_picture_frame.jpg
Mudando para o wallpaper do dia 116: /home/debian/Imagens/Wallpapers/a_room_with_a_wooden_cabinet_and_a_picture_frame.jpg
Mudando para o wallpaper do dia 116: /home/debian/Imagens/Wallpapers/a_room_with_a_wooden_cabinet_and_a_picture_frame.jpg
Mudando para o wallpaper do dia 116: /home/debian/Imagens/Wallpapers/a_room_with_a_wooden_cabinet_and_a_picture_frame.jpg
Mudando para o wallpaper do dia 116: /home/debian/Imagens/Wallpapers/a_room_with_a_wooden_cabinet_and_a_picture_frame.jpg
Mudando para o wallpaper do dia 116: /home/debian/Imagens/Wallpapers/a_room_with_a_wooden_cabinet_and_a_picture_frame.jpg
Mudando para o wallpaper do dia 116: /home/debian/Imagens/Wallpapers/a_room_with_a_wooden_cabinet_and_a_picture_frame.jpg
Mudando para o wallpaper do dia 116: /home/debian/Imagens/Wallpapers/a_room_with_a_wooden_cabinet_and_a_picture_frame.jpg
Mudando para o wallpaper do dia 116: /home/debian/Imagens/Wallpapers/a_room_with_a_wooden_cabinet_and_a_picture_frame.jpg
Mudando para o wallpaper do dia 116: /home/debian/Imagens/Wallpapers/a_room_with_a_wooden_cabinet_and_a_picture_frame.jpg
Mudando para o wallpaper do dia 116: /home/debian/Imagens/Wallpapers/a_room_with_a_wooden_cabinet_and_a_picture_frame.jpg
Mudando para o wallpaper do dia 116: /home/debian/Imagens/Wallpapers/a_room_with_a_wooden_cabinet_and_a_picture_frame.jpg
Mudando para o wallpaper do dia 116: /home/debian/Imagens/Wallpapers/a_room_with_a_wooden_cabinet_and_a_picture_frame.jpg
Mudando para o wallpaper do dia 116: /home/debian/Imagens/Wallpapers/a_room_with_a_wooden_cabinet_and_a_picture_frame.jpg
Mudando para o wallpaper do dia 116: /home/debian/Imagens/Wallpapers/a_room_with_a_wooden_cabinet_and_a_picture_frame.jpg
Mudando para o wallpaper do dia 116: /home/debian/Imagens/Wallpapers/a_room_with_a_wooden_cabinet_and_a_picture_frame.jpg
Mudando para o wallpaper do dia 116: /home/debian/Imagens/Wallpapers/a_room_with_a_wooden_cabinet_and_a_picture_frame.jpg
Mudando para o wallpaper do dia 116: /home/debian/Imagens/Wallpapers/a_room_with_a_wooden_cabinet_and_a_picture_frame.jpg
Mudando para o wallpaper do dia 116: /home/debian/Imagens/Wallpapers/a_room_with_a_wooden_cabinet_and_a_picture_frame.jpg
Mudando para o wallpaper do dia 116: /home/debian/Imagens/Wallpapers/a_room_with_a_wooden_cabinet_and_a_picture_frame.jpg
Mudando para o wallpaper do dia 117: /home/debian/Imagens/Wallpapers/a_sunset_over_a_lake.png
Mudando para o wallpaper do dia 118: /home/debian/Imagens/Wallpapers/9dwtei1vn1ve1.png
Mudando para o wallpaper do dia 119: /home/debian/Imagens/Wallpapers/a_large_canyon_with_a_sunset_with_Badlands_National_Park_in_the_background.jpg
Mudando para o wallpaper do dia 119: /home/debian/Imagens/Wallpapers/a_large_canyon_with_a_sunset_with_Badlands_National_Park_in_the_background.jpg
Mudando para o wallpaper do dia 119: /home/debian/Imagens/Wallpapers/a_large_canyon_with_a_sunset_with_Badlands_National_Park_in_the_background.jpg
Mudando para o wallpaper do dia 119: /home/debian/Imagens/Wallpapers/a_large_canyon_with_a_sunset_with_Badlands_National_Park_in_the_background.jpg
Mudando para o wallpaper do dia 119: /home/debian/Imagens/Wallpapers/a_large_canyon_with_a_sunset_with_Badlands_National_Park_in_the_background.jpg
Mudando para o wallpaper do dia 120: /home/debian/Imagens/Wallpapers/a_blue_and_pink_sky_over_a_mountain_range.png
Mudando para o wallpaper do dia 120: /home/debian/Imagens/Wallpapers/a_blue_and_pink_sky_over_a_mountain_range.png
Mudando para o wallpaper do dia 121: /home/debian/Imagens/Wallpapers/a_mountain_range_with_snow_on_top.jpg
Mudando para o wallpaper do dia 121: /home/debian/Imagens/Wallpapers/a_blue_mountains_with_a_blue_sky.jpg
Mudando para o wallpaper do dia 121: /home/debian/Imagens/Wallpapers/a_blue_mountains_with_a_blue_sky.jpg
Mudando para o wallpaper do dia 121: /home/debian/Imagens/Wallpapers/a_blue_mountains_with_a_blue_sky.jpg
Mudando para o wallpaper do dia 122: /home/debian/Imagens/Wallpapers/Y4WpmiI.png
Mudando para o wallpaper do dia 122: /home/debian/Imagens/Wallpapers/Y4WpmiI.png
Mudando para o wallpaper do dia 123: /home/debian/Imagens/Wallpapers/a_group_of_colorful_ghosts.png
Mudando para o wallpaper do dia 123: /home/debian/Imagens/Wallpapers/a_group_of_colorful_ghosts.png
Mudando para o wallpaper do dia 123: /home/debian/Imagens/Wallpapers/od_tux.png
Mudando para o wallpaper do dia 123: /home/debian/Imagens/Wallpapers/od_tux.png
Mudando para o wallpaper do dia 124: /home/debian/Imagens/Wallpapers/a_blue_swirly_spiral_on_a_dark_background.png
Mudando para o wallpaper do dia 124: /home/debian/Imagens/Wallpapers/a_blue_swirly_spiral_on_a_dark_background.png
Mudando para o wallpaper do dia 124: /home/debian/Imagens/Wallpapers/wallpaperflare.com_linux.jpg
Mudando para o wallpaper do dia 125: /home/debian/Imagens/Wallpapers/a_lightning_in_the_sky.jpg
Mudando para o wallpaper do dia 125: /home/debian/Imagens/Wallpapers/a_lightning_in_the_sky.jpg
Mudando para o wallpaper do dia 126: /home/debian/Imagens/Wallpapers/a_pixel_art_of_a_sword_and_whale.png
Mudando para o wallpaper do dia 127: /home/debian/Imagens/Wallpapers/a_group_of_white_pencils.png
Mudando para o wallpaper do dia 127: /home/debian/Imagens/Wallpapers/cartoon-castle.png
Mudando para o wallpaper do dia 127: /home/debian/Imagens/Wallpapers/cartoon-castle.png
Mudando para o wallpaper do dia 127: /home/debian/Imagens/Wallpapers/cartoon-castle.png
Mudando para o wallpaper do dia 127: /home/debian/Imagens/Wallpapers/cartoon-castle.png
Mudando para o wallpaper do dia 128: /home/debian/Imagens/Wallpapers/wallhaven-5g1ep5.jpg
Mudando para o wallpaper do dia 128: /home/debian/Imagens/Wallpapers/wallhaven-5g1ep5.jpg
Mudando para o wallpaper do dia 128: /home/debian/Imagens/Wallpapers/wallhaven-5g1ep5.jpg
Mudando para o wallpaper do dia 128: /home/debian/Imagens/Wallpapers/wallhaven-5g1ep5.jpg
Mudando para o wallpaper do dia 128: /home/debian/Imagens/Wallpapers/wallhaven-5g1ep5.jpg
Mudando para o wallpaper do dia 128: /home/debian/Imagens/Wallpapers/wallhaven-5g1ep5.jpg
Mudando para o wallpaper do dia 128: /home/debian/Imagens/Wallpapers/wallhaven-5g1ep5.jpg
Mudando para o wallpaper do dia 128: /home/debian/Imagens/Wallpapers/wallhaven-5g1ep5.jpg
Mudando para o wallpaper do dia 129: /home/debian/Imagens/Wallpapers/a_room_with_a_wooden_cabinet_and_a_picture_frame.jpg
Mudando para o wallpaper do dia 130: /home/debian/Imagens/Wallpapers/ign_unsplash7.png
Mudando para o wallpaper do dia 133: /home/debian/Imagens/Wallpapers/9dwtei1vn1ve1.png
Mudando para o wallpaper do dia 143: /home/debian/Imagens/Wallpapers/FFXn-cnakAAxlme-D08FB.png
Mudando para o wallpaper do dia 143: /home/debian/Imagens/Wallpapers/FFXn-cnakAAxlme-D08FB.png
